[INFO] 19:20:12:308 client/(18561:18561): Soy un Log
[INFO] 19:20:12:317 client/(18561:18561): 127.0.0.1
[INFO] 19:20:12:317 client/(18561:18561): 4444
[INFO] 19:20:12:317 client/(18561:18561): valor
[INFO] 19:20:20:250 client/(18561:18561): esto va al log
[INFO] 19:20:23:082 client/(18561:18561): esto tambien
[INFO] 19:26:42:205 client/(18986:18986): Soy un Log
[INFO] 19:26:42:566 client/(18986:18986): 127.0.0.1
[INFO] 19:26:42:566 client/(18986:18986): 4444
[INFO] 19:26:42:566 client/(18986:18986): valor
[INFO] 19:26:49:504 client/(18986:18986): log
[INFO] 19:26:57:168 client/(18986:18986): loggueando
[INFO] 19:27:49:392 client/(19061:19061): Soy un Log
[INFO] 19:27:49:465 client/(19061:19061): 127.0.0.1
[INFO] 19:27:49:465 client/(19061:19061): 4444
[INFO] 19:27:49:465 client/(19061:19061): valor
[INFO] 19:27:55:574 client/(19061:19061): nad nada nara
[INFO] 19:27:58:710 client/(19061:19061): ffdfsd
[INFO] 19:49:33:934 client/(7410:7410): Soy un Log
[INFO] 19:56:30:464 client/(7669:7669): Soy un Log
[INFO] 19:56:30:466 client/(7669:7669): 127.0.0.1
[INFO] 19:56:30:466 client/(7669:7669): 4444
[INFO] 19:56:30:466 client/(7669:7669): valor
[INFO] 19:56:35:746 client/(7669:7669): esto al log
[INFO] 19:56:38:601 client/(7669:7669): esto tamb
[INFO] 17:29:35:923 client/(4744:4744): Soy un Log
[INFO] 17:29:35:924 client/(4744:4744): 127.0.0.1
[INFO] 17:29:35:924 client/(4744:4744): 4444
[INFO] 17:29:35:924 client/(4744:4744): valor
[INFO] 18:27:30:355 client/(6872:6872): Soy un Log
[INFO] 18:28:27:588 client/(6932:6932): Soy un Log
[INFO] 18:28:27:589 client/(6932:6932): ÀÇt·ÀÇt·
[INFO] 18:28:27:592 client/(6932:6932): hR
ék#8:281
[INFO] 18:28:27:592 client/(6932:6932): hR
ÀÇt·
[INFO] 18:29:08:299 client/(6978:6978): Soy un Log
[INFO] 18:29:08:307 client/(6978:6978): 127.0.0.1
[INFO] 18:29:08:307 client/(6978:6978): 4444
[INFO] 18:29:08:307 client/(6978:6978): valor
[INFO] 18:29:12:130 client/(6978:6978): fdsa
[INFO] 18:31:59:268 client/(7089:7089): Soy un Log
[INFO] 18:31:59:272 client/(7089:7089): 127.0.0.1
[INFO] 18:31:59:272 client/(7089:7089): 4444
[INFO] 18:31:59:273 client/(7089:7089): valor
[INFO] 18:32:20:191 client/(7089:7089): uiji
[INFO] 18:33:21:051 client/(7133:7133): Soy un Log
[INFO] 18:34:00:512 client/(7167:7167): Soy un Log
[INFO] 18:34:00:522 client/(7167:7167): 127.0.0.1
[INFO] 18:34:00:523 client/(7167:7167): 4444
[INFO] 18:34:00:523 client/(7167:7167): valor
[INFO] 18:34:14:211 client/(7167:7167): hj
